This is ApacheBench, Version 2.3 <$Revision: 1903618 $>
Copyright 1996 Adam Twiss, Zeus Technology Ltd, http://www.zeustech.net/
Licensed to The Apache Software Foundation, http://www.apache.org/

Benchmarking 127.0.0.1 (be patient)
Completed 5000 requests
Completed 10000 requests
Completed 15000 requests
Finished 17260 requests


Server Software:        gunicorn
Server Hostname:        127.0.0.1
Server Port:            8000

Document Path:          /api/property/search/?city=Warszawa&region=Mazowieckie&maxP=330
Document Length:        15905 bytes

Concurrency Level:      2500
Time taken for tests:   60.002 seconds
Complete requests:      17260
Failed requests:        0
Total transferred:      280112540 bytes
HTML transferred:       274520300 bytes
Requests per second:    287.66 [#/sec] (mean)
Time per request:       8690.963 [ms] (mean)
Time per request:       3.476 [ms] (mean, across all concurrent requests)
Transfer rate:          4558.94 [Kbytes/sec] received

Connection Times (ms)
              min  mean[+/-sd] median   max
Connect:        0   16  44.5      0     179
Processing:    93 6480 1607.0   6882   46076
Waiting:       92 6480 1607.1   6882   46076
Total:        269 6496 1576.2   6886   46177

Percentage of the requests served within a certain time (ms)
  50%   6886
  66%   7025
  75%   7068
  80%   7219
  90%   7487
  95%   7603
  98%   7693
  99%   7716
 100%  46177 (longest request)
