This is ApacheBench, Version 2.3 <$Revision: 1903618 $>
Copyright 1996 Adam Twiss, Zeus Technology Ltd, http://www.zeustech.net/
Licensed to The Apache Software Foundation, http://www.apache.org/

Benchmarking 127.0.0.1 (be patient)
Completed 5000 requests
Completed 10000 requests
Completed 15000 requests
Completed 20000 requests
Finished 20749 requests


Server Software:        gunicorn
Server Hostname:        127.0.0.1
Server Port:            8000

Document Path:          /api/property/search/?city=Warszawa&region=Mazowieckie&maxP=330
Document Length:        15905 bytes

Concurrency Level:      800
Time taken for tests:   60.004 seconds
Complete requests:      20749
Failed requests:        0
Total transferred:      336751750 bytes
HTML transferred:       330028750 bytes
Requests per second:    345.79 [#/sec] (mean)
Time per request:       2313.518 [ms] (mean)
Time per request:       2.892 [ms] (mean, across all concurrent requests)
Transfer rate:          5480.62 [Kbytes/sec] received

Connection Times (ms)
              min  mean[+/-sd] median   max
Connect:        0    1   6.4      0      40
Processing:    22 2266 261.1   2300    2472
Waiting:        9 2266 261.1   2299    2471
Total:         63 2267 255.3   2300    2472

Percentage of the requests served within a certain time (ms)
  50%   2300
  66%   2307
  75%   2313
  80%   2318
  90%   2378
  95%   2416
  98%   2429
  99%   2434
 100%   2472 (longest request)
