This is ApacheBench, Version 2.3 <$Revision: 1903618 $>
Copyright 1996 Adam Twiss, Zeus Technology Ltd, http://www.zeustech.net/
Licensed to The Apache Software Foundation, http://www.apache.org/

Benchmarking 127.0.0.1 (be patient)
Completed 5000 requests
Completed 10000 requests
Completed 15000 requests
Completed 20000 requests
Completed 25000 requests
Finished 26154 requests


Server Software:        gunicorn
Server Hostname:        127.0.0.1
Server Port:            8000

Document Path:          /api/property/search/?city=Warszawa&region=Mazowieckie&maxP=330
Document Length:        15853 bytes

Concurrency Level:      3400
Time taken for tests:   60.000 seconds
Complete requests:      26154
Failed requests:        0
Total transferred:      423093258 bytes
HTML transferred:       414619362 bytes
Requests per second:    435.90 [#/sec] (mean)
Time per request:       7799.976 [ms] (mean)
Time per request:       2.294 [ms] (mean, across all concurrent requests)
Transfer rate:          6886.26 [Kbytes/sec] received

Connection Times (ms)
              min  mean[+/-sd] median   max
Connect:        0    9  29.8      0     131
Processing:    62 4549 1180.7   4606   59256
Waiting:        6 4549 1180.8   4605   59256
Total:        193 4558 1162.3   4606   59329

Percentage of the requests served within a certain time (ms)
  50%   4606
  66%   4813
  75%   4886
  80%   4989
  90%   5214
  95%   5784
  98%   6197
  99%   6308
 100%  59329 (longest request)
