This is ApacheBench, Version 2.3 <$Revision: 1903618 $>
Copyright 1996 Adam Twiss, Zeus Technology Ltd, http://www.zeustech.net/
Licensed to The Apache Software Foundation, http://www.apache.org/

Benchmarking 127.0.0.1 (be patient)
Completed 5000 requests
Completed 10000 requests
Completed 15000 requests
Completed 20000 requests
Completed 25000 requests
Finished 26100 requests


Server Software:        gunicorn
Server Hostname:        127.0.0.1
Server Port:            8000

Document Path:          /api/property/search/?city=Warszawa&region=Mazowieckie&maxP=330
Document Length:        15853 bytes

Concurrency Level:      2400
Time taken for tests:   60.000 seconds
Complete requests:      26100
Failed requests:        0
Total transferred:      422219700 bytes
HTML transferred:       413763300 bytes
Requests per second:    435.00 [#/sec] (mean)
Time per request:       5517.256 [ms] (mean)
Time per request:       2.299 [ms] (mean, across all concurrent requests)
Transfer rate:          6872.05 [Kbytes/sec] received

Connection Times (ms)
              min  mean[+/-sd] median   max
Connect:        0    6  20.6      0      95
Processing:    46 4546 1562.0   4364   49336
Waiting:        7 4546 1562.1   4363   49336
Total:        141 4552 1553.0   4364   49389

Percentage of the requests served within a certain time (ms)
  50%   4364
  66%   4437
  75%   4476
  80%   4564
  90%   5593
  95%   8171
  98%   8668
  99%   8805
 100%  49389 (longest request)
