This is ApacheBench, Version 2.3 <$Revision: 1903618 $>
Copyright 1996 Adam Twiss, Zeus Technology Ltd, http://www.zeustech.net/
Licensed to The Apache Software Foundation, http://www.apache.org/

Benchmarking 127.0.0.1 (be patient)
Completed 5000 requests
Completed 10000 requests
Completed 15000 requests
Finished 17388 requests


Server Software:        gunicorn
Server Hostname:        127.0.0.1
Server Port:            8000

Document Path:          /api/property/search/?city=Warszawa&region=Mazowieckie&maxP=330
Document Length:        15905 bytes

Concurrency Level:      2100
Time taken for tests:   60.005 seconds
Complete requests:      17388
Failed requests:        0
Total transferred:      282189852 bytes
HTML transferred:       276556140 bytes
Requests per second:    289.78 [#/sec] (mean)
Time per request:       7246.972 [ms] (mean)
Time per request:       3.451 [ms] (mean, across all concurrent requests)
Transfer rate:          4592.56 [Kbytes/sec] received

Connection Times (ms)
              min  mean[+/-sd] median   max
Connect:        0   11  30.8      0     120
Processing:    64 6614 1825.9   6523   56929
Waiting:       63 6614 1825.9   6522   56928
Total:        184 6625 1802.6   6523   56994

Percentage of the requests served within a certain time (ms)
  50%   6523
  66%   7135
  75%   7576
  80%   7796
  90%   8376
  95%   9077
  98%   9331
  99%   9429
 100%  56994 (longest request)
