This is ApacheBench, Version 2.3 <$Revision: 1903618 $>
Copyright 1996 Adam Twiss, Zeus Technology Ltd, http://www.zeustech.net/
Licensed to The Apache Software Foundation, http://www.apache.org/

Benchmarking 127.0.0.1 (be patient)
Completed 5000 requests
Completed 10000 requests
Completed 15000 requests
Finished 16103 requests


Server Software:        gunicorn
Server Hostname:        127.0.0.1
Server Port:            8000

Document Path:          /api/property/search/?city=Warszawa&region=Mazowieckie&maxP=330
Document Length:        15905 bytes

Concurrency Level:      2300
Time taken for tests:   60.012 seconds
Complete requests:      16103
Failed requests:        0
Total transferred:      261343779 bytes
HTML transferred:       256126083 bytes
Requests per second:    268.33 [#/sec] (mean)
Time per request:       8571.522 [ms] (mean)
Time per request:       3.727 [ms] (mean, across all concurrent requests)
Transfer rate:          4252.80 [Kbytes/sec] received

Connection Times (ms)
              min  mean[+/-sd] median   max
Connect:        0   15  38.5      0     149
Processing:    78 6926 1661.5   7146   53716
Waiting:       78 6925 1661.5   7145   53716
Total:        227 6940 1629.4   7146   53801

Percentage of the requests served within a certain time (ms)
  50%   7146
  66%   7534
  75%   7672
  80%   7803
  90%   8049
  95%   8061
  98%   8068
  99%   8075
 100%  53801 (longest request)
