This is ApacheBench, Version 2.3 <$Revision: 1903618 $>
Copyright 1996 Adam Twiss, Zeus Technology Ltd, http://www.zeustech.net/
Licensed to The Apache Software Foundation, http://www.apache.org/

Benchmarking 127.0.0.1 (be patient)
Completed 5000 requests
Completed 10000 requests
Completed 15000 requests
Completed 20000 requests
Completed 25000 requests
Finished 28808 requests


Server Software:        gunicorn
Server Hostname:        127.0.0.1
Server Port:            8000

Document Path:          /api/property/search/?city=Warszawa&region=Mazowieckie&maxP=330
Document Length:        15853 bytes

Concurrency Level:      1800
Time taken for tests:   60.002 seconds
Complete requests:      28808
Failed requests:        0
Total transferred:      466027016 bytes
HTML transferred:       456693224 bytes
Requests per second:    480.11 [#/sec] (mean)
Time per request:       3749.110 [ms] (mean)
Time per request:       2.083 [ms] (mean, across all concurrent requests)
Transfer rate:          7584.77 [Kbytes/sec] received

Connection Times (ms)
              min  mean[+/-sd] median   max
Connect:        0    5  18.0      0     103
Processing:    42 3622 539.4   3674    4247
Waiting:       10 3622 539.4   3673    4247
Total:        145 3627 523.3   3674    4247

Percentage of the requests served within a certain time (ms)
  50%   3674
  66%   3768
  75%   3793
  80%   3818
  90%   4011
  95%   4106
  98%   4174
  99%   4189
 100%   4247 (longest request)
