This is ApacheBench, Version 2.3 <$Revision: 1903618 $>
Copyright 1996 Adam Twiss, Zeus Technology Ltd, http://www.zeustech.net/
Licensed to The Apache Software Foundation, http://www.apache.org/

Benchmarking 127.0.0.1 (be patient)
Completed 5000 requests
Completed 10000 requests
Completed 15000 requests
Completed 20000 requests
Completed 25000 requests
Completed 30000 requests
Finished 32459 requests


Server Software:        gunicorn
Server Hostname:        127.0.0.1
Server Port:            8000

Document Path:          /api/property/search/?city=Warszawa&region=Mazowieckie&maxP=330
Document Length:        15791 bytes

Concurrency Level:      400
Time taken for tests:   60.001 seconds
Complete requests:      32459
Failed requests:        0
Total transferred:      523092900 bytes
HTML transferred:       512575860 bytes
Requests per second:    540.97 [#/sec] (mean)
Time per request:       739.407 [ms] (mean)
Time per request:       1.849 [ms] (mean, across all concurrent requests)
Transfer rate:          8513.74 [Kbytes/sec] received

Connection Times (ms)
              min  mean[+/-sd] median   max
Connect:        0    0   1.4      0      18
Processing:     8  734 121.5    696    1241
Waiting:        7  734 121.5    696    1241
Total:         25  734 121.0    696    1241

Percentage of the requests served within a certain time (ms)
  50%    696
  66%    712
  75%    744
  80%    775
  90%    883
  95%    986
  98%   1148
  99%   1175
 100%   1241 (longest request)
