This is ApacheBench, Version 2.3 <$Revision: 1903618 $>
Copyright 1996 Adam Twiss, Zeus Technology Ltd, http://www.zeustech.net/
Licensed to The Apache Software Foundation, http://www.apache.org/

Benchmarking 127.0.0.1 (be patient)
Completed 5000 requests
Completed 10000 requests
Completed 15000 requests
Completed 20000 requests
Completed 25000 requests
Completed 30000 requests
Finished 31042 requests


Server Software:        gunicorn
Server Hostname:        127.0.0.1
Server Port:            8000

Document Path:          /api/property/search/?city=Warszawa&region=Mazowieckie&maxP=330
Document Length:        15791 bytes

Concurrency Level:      3200
Time taken for tests:   60.002 seconds
Complete requests:      31042
Failed requests:        0
Total transferred:      500241830 bytes
HTML transferred:       490184222 bytes
Requests per second:    517.35 [#/sec] (mean)
Time per request:       6185.415 [ms] (mean)
Time per request:       1.933 [ms] (mean, across all concurrent requests)
Transfer rate:          8141.63 [Kbytes/sec] received

Connection Times (ms)
              min  mean[+/-sd] median   max
Connect:        0    7  25.7      0     126
Processing:    62 3838 976.2   3892   59767
Waiting:        7 3837 976.2   3891   59767
Total:        186 3844 962.9   3893   59837

Percentage of the requests served within a certain time (ms)
  50%   3893
  66%   4046
  75%   4086
  80%   4156
  90%   4347
  95%   4937
  98%   5225
  99%   5316
 100%  59837 (longest request)
