This is ApacheBench, Version 2.3 <$Revision: 1903618 $>
Copyright 1996 Adam Twiss, Zeus Technology Ltd, http://www.zeustech.net/
Licensed to The Apache Software Foundation, http://www.apache.org/

Benchmarking 127.0.0.1 (be patient)
Completed 5000 requests
Completed 10000 requests
Completed 15000 requests
Completed 20000 requests
Completed 25000 requests
Finished 26116 requests


Server Software:        gunicorn
Server Hostname:        127.0.0.1
Server Port:            8000

Document Path:          /api/property/search/?city=Warszawa&region=Mazowieckie&maxP=330
Document Length:        15853 bytes

Concurrency Level:      3600
Time taken for tests:   60.002 seconds
Complete requests:      26116
Failed requests:        0
Total transferred:      422478532 bytes
HTML transferred:       414016948 bytes
Requests per second:    435.25 [#/sec] (mean)
Time per request:       8271.102 [ms] (mean)
Time per request:       2.298 [ms] (mean, across all concurrent requests)
Transfer rate:          6876.02 [Kbytes/sec] received

Connection Times (ms)
              min  mean[+/-sd] median   max
Connect:        0   10  32.3      0     139
Processing:    72 4551 1331.5   4388   42060
Waiting:        7 4551 1331.6   4388   42060
Total:        210 4561 1315.1   4388   42140

Percentage of the requests served within a certain time (ms)
  50%   4388
  66%   4586
  75%   4847
  80%   4903
  90%   5505
  95%   6813
  98%   7527
  99%   7695
 100%  42140 (longest request)
