This is ApacheBench, Version 2.3 <$Revision: 1903618 $>
Copyright 1996 Adam Twiss, Zeus Technology Ltd, http://www.zeustech.net/
Licensed to The Apache Software Foundation, http://www.apache.org/

Benchmarking 127.0.0.1 (be patient)
Completed 5000 requests
Completed 10000 requests
Completed 15000 requests
Completed 20000 requests
Completed 25000 requests
Completed 30000 requests
Finished 31047 requests


Server Software:        gunicorn
Server Hostname:        127.0.0.1
Server Port:            8000

Document Path:          /api/property/search/?city=Warszawa&region=Mazowieckie&maxP=330
Document Length:        15791 bytes

Concurrency Level:      2000
Time taken for tests:   60.000 seconds
Complete requests:      31047
Failed requests:        0
Total transferred:      500322405 bytes
HTML transferred:       490263177 bytes
Requests per second:    517.45 [#/sec] (mean)
Time per request:       3865.114 [ms] (mean)
Time per request:       1.933 [ms] (mean, across all concurrent requests)
Transfer rate:          8143.26 [Kbytes/sec] received

Connection Times (ms)
              min  mean[+/-sd] median   max
Connect:        0    4  16.1      0      87
Processing:    44 3746 713.1   3586    4852
Waiting:        8 3746 713.1   3586    4852
Total:        131 3750 701.3   3607    4852

Percentage of the requests served within a certain time (ms)
  50%   3606
  66%   4064
  75%   4248
  80%   4389
  90%   4512
  95%   4730
  98%   4772
  99%   4782
 100%   4852 (longest request)
