This is ApacheBench, Version 2.3 <$Revision: 1903618 $>
Copyright 1996 Adam Twiss, Zeus Technology Ltd, http://www.zeustech.net/
Licensed to The Apache Software Foundation, http://www.apache.org/

Benchmarking 127.0.0.1 (be patient)
Completed 5000 requests
Completed 10000 requests
Completed 15000 requests
Completed 20000 requests
Finished 20787 requests


Server Software:        gunicorn
Server Hostname:        127.0.0.1
Server Port:            8000

Document Path:          /api/property/search/?city=Warszawa&region=Mazowieckie&maxP=330
Document Length:        15905 bytes

Concurrency Level:      1600
Time taken for tests:   60.000 seconds
Complete requests:      20787
Failed requests:        0
Total transferred:      337352223 bytes
HTML transferred:       330617235 bytes
Requests per second:    346.45 [#/sec] (mean)
Time per request:       4618.286 [ms] (mean)
Time per request:       2.886 [ms] (mean, across all concurrent requests)
Transfer rate:          5490.74 [Kbytes/sec] received

Connection Times (ms)
              min  mean[+/-sd] median   max
Connect:        0    5  18.0      0      88
Processing:    45 4425 717.6   4576    4746
Waiting:        9 4425 717.6   4576    4746
Total:        133 4431 700.7   4576    4746

Percentage of the requests served within a certain time (ms)
  50%   4576
  66%   4604
  75%   4663
  80%   4673
  90%   4687
  95%   4697
  98%   4705
  99%   4712
 100%   4746 (longest request)
