This is ApacheBench, Version 2.3 <$Revision: 1903618 $>
Copyright 1996 Adam Twiss, Zeus Technology Ltd, http://www.zeustech.net/
Licensed to The Apache Software Foundation, http://www.apache.org/

Benchmarking 127.0.0.1 (be patient)
Completed 5000 requests
Completed 10000 requests
Completed 15000 requests
Completed 20000 requests
Completed 25000 requests
Finished 27177 requests


Server Software:        gunicorn
Server Hostname:        127.0.0.1
Server Port:            8000

Document Path:          /api/property/search/?city=Warszawa&region=Mazowieckie&maxP=330
Document Length:        15791 bytes

Concurrency Level:      3800
Time taken for tests:   60.001 seconds
Complete requests:      27177
Failed requests:        126
   (Connect: 0, Receive: 0, Length: 126, Exceptions: 0)
Total transferred:      435942980 bytes
HTML transferred:       427178132 bytes
Requests per second:    452.95 [#/sec] (mean)
Time per request:       8389.521 [ms] (mean)
Time per request:       2.208 [ms] (mean, across all concurrent requests)
Transfer rate:          7095.36 [Kbytes/sec] received

Connection Times (ms)
              min  mean[+/-sd] median   max
Connect:        0   11  37.5      0     160
Processing:    80 4568 3047.1   3905   57692
Waiting:        0 4406 1937.5   3903   47658
Total:        240 4579 3042.9   3906   57807

Percentage of the requests served within a certain time (ms)
  50%   3906
  66%   4010
  75%   4404
  80%   4754
  90%   8105
  95%   8634
  98%   8656
  99%   8666
 100%  57807 (longest request)
