This is ApacheBench, Version 2.3 <$Revision: 1903618 $>
Copyright 1996 Adam Twiss, Zeus Technology Ltd, http://www.zeustech.net/
Licensed to The Apache Software Foundation, http://www.apache.org/

Benchmarking 127.0.0.1 (be patient)
Completed 5000 requests
Completed 10000 requests
Completed 15000 requests
Completed 20000 requests
Completed 25000 requests
Finished 28816 requests


Server Software:        gunicorn
Server Hostname:        127.0.0.1
Server Port:            8000

Document Path:          /api/property/search/?city=Warszawa&region=Mazowieckie&maxP=330
Document Length:        15853 bytes

Concurrency Level:      1400
Time taken for tests:   60.002 seconds
Complete requests:      28816
Failed requests:        0
Total transferred:      466156432 bytes
HTML transferred:       456820048 bytes
Requests per second:    480.25 [#/sec] (mean)
Time per request:       2915.130 [ms] (mean)
Time per request:       2.082 [ms] (mean, across all concurrent requests)
Transfer rate:          7586.97 [Kbytes/sec] received

Connection Times (ms)
              min  mean[+/-sd] median   max
Connect:        0    2   9.2      0      57
Processing:    27 2838 371.7   2906    3136
Waiting:        5 2838 371.7   2906    3126
Total:         84 2840 363.4   2907    3136

Percentage of the requests served within a certain time (ms)
  50%   2907
  66%   2947
  75%   2968
  80%   2983
  90%   3025
  95%   3051
  98%   3087
  99%   3101
 100%   3136 (longest request)
