This is ApacheBench, Version 2.3 <$Revision: 1903618 $>
Copyright 1996 Adam Twiss, Zeus Technology Ltd, http://www.zeustech.net/
Licensed to The Apache Software Foundation, http://www.apache.org/

Benchmarking 127.0.0.1 (be patient)
Completed 5000 requests
Completed 10000 requests
Completed 15000 requests
Completed 20000 requests
Finished 20813 requests


Server Software:        gunicorn
Server Hostname:        127.0.0.1
Server Port:            8000

Document Path:          /api/property/search/?city=Warszawa&region=Mazowieckie&maxP=330
Document Length:        15905 bytes

Concurrency Level:      1400
Time taken for tests:   60.000 seconds
Complete requests:      20813
Failed requests:        0
Total transferred:      337774177 bytes
HTML transferred:       331030765 bytes
Requests per second:    346.88 [#/sec] (mean)
Time per request:       4035.941 [ms] (mean)
Time per request:       2.883 [ms] (mean, across all concurrent requests)
Transfer rate:          5497.62 [Kbytes/sec] received

Connection Times (ms)
              min  mean[+/-sd] median   max
Connect:        0    4  14.6      0      74
Processing:    41 3893 602.2   4006    4226
Waiting:        8 3892 602.2   4006    4225
Total:        114 3897 588.5   4007    4226

Percentage of the requests served within a certain time (ms)
  50%   4007
  66%   4025
  75%   4064
  80%   4105
  90%   4144
  95%   4170
  98%   4184
  99%   4192
 100%   4226 (longest request)
