This is ApacheBench, Version 2.3 <$Revision: 1903618 $>
Copyright 1996 Adam Twiss, Zeus Technology Ltd, http://www.zeustech.net/
Licensed to The Apache Software Foundation, http://www.apache.org/

Benchmarking 127.0.0.1 (be patient)
Completed 5000 requests
Completed 10000 requests
Completed 15000 requests
Finished 19665 requests


Server Software:        gunicorn
Server Hostname:        127.0.0.1
Server Port:            8000

Document Path:          /api/property/search/?city=Warszawa&region=Mazowieckie&maxP=330
Document Length:        15905 bytes

Concurrency Level:      2700
Time taken for tests:   60.003 seconds
Complete requests:      19665
Failed requests:        0
Total transferred:      319159514 bytes
HTML transferred:       312787730 bytes
Requests per second:    327.73 [#/sec] (mean)
Time per request:       8238.374 [ms] (mean)
Time per request:       3.051 [ms] (mean, across all concurrent requests)
Transfer rate:          5194.41 [Kbytes/sec] received

Connection Times (ms)
              min  mean[+/-sd] median   max
Connect:        0   12  35.1      0     151
Processing:    73 5809 1482.0   6001   55709
Waiting:       73 5809 1482.0   6001   55709
Total:        224 5821 1459.3   6001   55791

Percentage of the requests served within a certain time (ms)
  50%   6001
  66%   6048
  75%   6082
  80%   6103
  90%   6518
  95%   6718
  98%   6862
  99%   6875
 100%  55791 (longest request)
