This is ApacheBench, Version 2.3 <$Revision: 1903618 $>
Copyright 1996 Adam Twiss, Zeus Technology Ltd, http://www.zeustech.net/
Licensed to The Apache Software Foundation, http://www.apache.org/

Benchmarking 127.0.0.1 (be patient)
Completed 5000 requests
Completed 10000 requests
Finished 14094 requests


Server Software:        gunicorn
Server Hostname:        127.0.0.1
Server Port:            8000

Document Path:          /api/property/search/?city=Warszawa&region=Mazowieckie&maxP=330
Document Length:        15905 bytes

Concurrency Level:      2900
Time taken for tests:   60.000 seconds
Complete requests:      14094
Failed requests:        0
Total transferred:      228731526 bytes
HTML transferred:       224165070 bytes
Requests per second:    234.90 [#/sec] (mean)
Time per request:       12345.753 [ms] (mean)
Time per request:       4.257 [ms] (mean, across all concurrent requests)
Transfer rate:          3722.82 [Kbytes/sec] received

Connection Times (ms)
              min  mean[+/-sd] median   max
Connect:        0   32  79.5      0     292
Processing:    91 7861 2239.6   7745   54686
Waiting:       91 7861 2239.7   7744   54686
Total:        383 7893 2183.6   7749   54832

Percentage of the requests served within a certain time (ms)
  50%   7749
  66%   8718
  75%   9196
  80%   9434
  90%   9826
  95%  10577
  98%  10653
  99%  10719
 100%  54832 (longest request)
