This is ApacheBench, Version 2.3 <$Revision: 1903618 $>
Copyright 1996 Adam Twiss, Zeus Technology Ltd, http://www.zeustech.net/
Licensed to The Apache Software Foundation, http://www.apache.org/

Benchmarking 127.0.0.1 (be patient)
Completed 5000 requests
Completed 10000 requests
Completed 15000 requests
Finished 15038 requests


Server Software:        gunicorn
Server Hostname:        127.0.0.1
Server Port:            8000

Document Path:          /api/property/search/?city=Warszawa&region=Mazowieckie&maxP=330
Document Length:        15905 bytes

Concurrency Level:      3100
Time taken for tests:   60.003 seconds
Complete requests:      15038
Failed requests:        0
Total transferred:      244051702 bytes
HTML transferred:       239179390 bytes
Requests per second:    250.62 [#/sec] (mean)
Time per request:       12369.216 [ms] (mean)
Time per request:       3.990 [ms] (mean, across all concurrent requests)
Transfer rate:          3972.02 [Kbytes/sec] received

Connection Times (ms)
              min  mean[+/-sd] median   max
Connect:        0   22  54.1      0     195
Processing:    98 7064 1710.7   7504   45326
Waiting:       97 7063 1710.7   7504   45326
Total:        293 7085 1665.6   7505   45431

Percentage of the requests served within a certain time (ms)
  50%   7505
  66%   7619
  75%   7713
  80%   7758
  90%   7925
  95%   7973
  98%   8048
  99%   8053
 100%  45431 (longest request)
