This is ApacheBench, Version 2.3 <$Revision: 1903618 $>
Copyright 1996 Adam Twiss, Zeus Technology Ltd, http://www.zeustech.net/
Licensed to The Apache Software Foundation, http://www.apache.org/

Benchmarking 127.0.0.1 (be patient)
Completed 5000 requests
Completed 10000 requests
Completed 15000 requests
Completed 20000 requests
Finished 20802 requests


Server Software:        gunicorn
Server Hostname:        127.0.0.1
Server Port:            8000

Document Path:          /api/property/search/?city=Warszawa&region=Mazowieckie&maxP=330
Document Length:        15905 bytes

Concurrency Level:      1700
Time taken for tests:   60.001 seconds
Complete requests:      20802
Failed requests:        0
Total transferred:      337595658 bytes
HTML transferred:       330855810 bytes
Requests per second:    346.70 [#/sec] (mean)
Time per request:       4903.425 [ms] (mean)
Time per request:       2.884 [ms] (mean, across all concurrent requests)
Transfer rate:          5494.66 [Kbytes/sec] received

Connection Times (ms)
              min  mean[+/-sd] median   max
Connect:        0    6  20.1      0      92
Processing:    48 4695 783.9   4866    5028
Waiting:        9 4695 783.9   4866    5027
Total:        140 4701 765.1   4866    5028

Percentage of the requests served within a certain time (ms)
  50%   4866
  66%   4894
  75%   4951
  80%   4962
  90%   4983
  95%   4994
  98%   5001
  99%   5005
 100%   5028 (longest request)
