This is ApacheBench, Version 2.3 <$Revision: 1903618 $>
Copyright 1996 Adam Twiss, Zeus Technology Ltd, http://www.zeustech.net/
Licensed to The Apache Software Foundation, http://www.apache.org/

Benchmarking 127.0.0.1 (be patient)
Completed 5000 requests
Completed 10000 requests
Finished 13596 requests


Server Software:        gunicorn
Server Hostname:        127.0.0.1
Server Port:            8000

Document Path:          /api/property/search/?city=Warszawa&region=Mazowieckie&maxP=330
Document Length:        15905 bytes

Concurrency Level:      3000
Time taken for tests:   60.002 seconds
Complete requests:      13596
Failed requests:        0
Total transferred:      220649484 bytes
HTML transferred:       216244380 bytes
Requests per second:    226.59 [#/sec] (mean)
Time per request:       13239.642 [ms] (mean)
Time per request:       4.413 [ms] (mean, across all concurrent requests)
Transfer rate:          3591.18 [Kbytes/sec] received

Connection Times (ms)
              min  mean[+/-sd] median   max
Connect:        0   35  83.3      0     299
Processing:   113 7649 1870.6   8083   45718
Waiting:      112 7648 1870.7   8083   45717
Total:        411 7684 1808.7   8105   45883

Percentage of the requests served within a certain time (ms)
  50%   8105
  66%   8419
  75%   8521
  80%   8588
  90%   8766
  95%   8984
  98%   9331
  99%   9420
 100%  45883 (longest request)
