This is ApacheBench, Version 2.3 <$Revision: 1903618 $>
Copyright 1996 Adam Twiss, Zeus Technology Ltd, http://www.zeustech.net/
Licensed to The Apache Software Foundation, http://www.apache.org/

Benchmarking 127.0.0.1 (be patient)
Completed 5000 requests
Completed 10000 requests
Finished 12164 requests


Server Software:        gunicorn
Server Hostname:        127.0.0.1
Server Port:            8000

Document Path:          /api/property/search/?city=Warszawa&region=Mazowieckie&maxP=330
Document Length:        15905 bytes

Concurrency Level:      3500
Time taken for tests:   60.002 seconds
Complete requests:      12164
Failed requests:        0
Total transferred:      197409556 bytes
HTML transferred:       193468420 bytes
Requests per second:    202.73 [#/sec] (mean)
Time per request:       17264.556 [ms] (mean)
Time per request:       4.933 [ms] (mean, across all concurrent requests)
Transfer rate:          3212.95 [Kbytes/sec] received

Connection Times (ms)
              min  mean[+/-sd] median   max
Connect:        0   48 105.7      0     351
Processing:   116 7587 3880.3   7393   56468
Waiting:      115 7586 3880.3   7393   56468
Total:        467 7635 3832.6   7394   56588

Percentage of the requests served within a certain time (ms)
  50%   7394
  66%   7443
  75%   7487
  80%   7546
  90%   7712
  95%  20481
  98%  20499
  99%  20514
 100%  56588 (longest request)
