This is ApacheBench, Version 2.3 <$Revision: 1903618 $>
Copyright 1996 Adam Twiss, Zeus Technology Ltd, http://www.zeustech.net/
Licensed to The Apache Software Foundation, http://www.apache.org/

Benchmarking 127.0.0.1 (be patient)
Completed 5000 requests
Completed 10000 requests
Completed 15000 requests
Completed 20000 requests
Finished 20689 requests


Server Software:        gunicorn
Server Hostname:        127.0.0.1
Server Port:            8000

Document Path:          /api/property/search/?city=Warszawa&region=Mazowieckie&maxP=330
Document Length:        15905 bytes

Concurrency Level:      1900
Time taken for tests:   60.004 seconds
Complete requests:      20689
Failed requests:        0
Total transferred:      335761781 bytes
HTML transferred:       329058545 bytes
Requests per second:    344.79 [#/sec] (mean)
Time per request:       5510.544 [ms] (mean)
Time per request:       2.900 [ms] (mean, across all concurrent requests)
Transfer rate:          5464.51 [Kbytes/sec] received

Connection Times (ms)
              min  mean[+/-sd] median   max
Connect:        0    7  23.7      0     108
Processing:    52 5247 900.5   5459    5640
Waiting:        9 5247 900.6   5459    5640
Total:        160 5254 878.4   5459    5640

Percentage of the requests served within a certain time (ms)
  50%   5459
  66%   5484
  75%   5551
  80%   5559
  90%   5577
  95%   5587
  98%   5594
  99%   5601
 100%   5640 (longest request)
