This is ApacheBench, Version 2.3 <$Revision: 1903618 $>
Copyright 1996 Adam Twiss, Zeus Technology Ltd, http://www.zeustech.net/
Licensed to The Apache Software Foundation, http://www.apache.org/

Benchmarking 127.0.0.1 (be patient)
Completed 5000 requests
Completed 10000 requests
Completed 15000 requests
Completed 20000 requests
Finished 20678 requests


Server Software:        gunicorn
Server Hostname:        127.0.0.1
Server Port:            8000

Document Path:          /api/property/search/?city=Warszawa&region=Mazowieckie&maxP=330
Document Length:        15905 bytes

Concurrency Level:      1100
Time taken for tests:   60.007 seconds
Complete requests:      20678
Failed requests:        0
Total transferred:      335583262 bytes
HTML transferred:       328883590 bytes
Requests per second:    344.59 [#/sec] (mean)
Time per request:       3192.166 [ms] (mean)
Time per request:       2.902 [ms] (mean, across all concurrent requests)
Transfer rate:          5461.34 [Kbytes/sec] received

Connection Times (ms)
              min  mean[+/-sd] median   max
Connect:        0    3  10.3      0      57
Processing:    30 3100 423.4   3162    3385
Waiting:        8 3099 423.4   3162    3385
Total:         88 3102 413.9   3162    3385

Percentage of the requests served within a certain time (ms)
  50%   3162
  66%   3176
  75%   3196
  80%   3221
  90%   3287
  95%   3318
  98%   3346
  99%   3350
 100%   3385 (longest request)
