This is ApacheBench, Version 2.3 <$Revision: 1903618 $>
Copyright 1996 Adam Twiss, Zeus Technology Ltd, http://www.zeustech.net/
Licensed to The Apache Software Foundation, http://www.apache.org/

Benchmarking 127.0.0.1 (be patient)
Completed 5000 requests
Completed 10000 requests
Completed 15000 requests
Completed 20000 requests
Finished 20197 requests


Server Software:        gunicorn
Server Hostname:        127.0.0.1
Server Port:            8000

Document Path:          /api/property/search/?city=Warszawa&region=Mazowieckie&maxP=330
Document Length:        15905 bytes

Concurrency Level:      100
Time taken for tests:   60.002 seconds
Complete requests:      20197
Failed requests:        0
Total transferred:      327777113 bytes
HTML transferred:       321233285 bytes
Requests per second:    336.60 [#/sec] (mean)
Time per request:       297.085 [ms] (mean)
Time per request:       2.971 [ms] (mean, across all concurrent requests)
Transfer rate:          5334.72 [Kbytes/sec] received

Connection Times (ms)
              min  mean[+/-sd] median   max
Connect:        0    0   0.2      0       5
Processing:    16  296  28.7    288     454
Waiting:       16  296  28.6    288     454
Total:         21  296  28.6    288     454

Percentage of the requests served within a certain time (ms)
  50%    288
  66%    293
  75%    298
  80%    302
  90%    324
  95%    362
  98%    389
  99%    409
 100%    454 (longest request)
