This is ApacheBench, Version 2.3 <$Revision: 1903618 $>
Copyright 1996 Adam Twiss, Zeus Technology Ltd, http://www.zeustech.net/
Licensed to The Apache Software Foundation, http://www.apache.org/

Benchmarking 127.0.0.1 (be patient)
Completed 5000 requests
Completed 10000 requests
Completed 15000 requests
Finished 15566 requests


Server Software:        gunicorn
Server Hostname:        127.0.0.1
Server Port:            8000

Document Path:          /api/property/search/?city=Warszawa&region=Mazowieckie&maxP=330
Document Length:        15905 bytes

Concurrency Level:      2200
Time taken for tests:   60.001 seconds
Complete requests:      15566
Failed requests:        0
Total transferred:      252636843 bytes
HTML transferred:       247593135 bytes
Requests per second:    259.43 [#/sec] (mean)
Time per request:       8480.096 [ms] (mean)
Time per request:       3.855 [ms] (mean, across all concurrent requests)
Transfer rate:          4111.89 [Kbytes/sec] received

Connection Times (ms)
              min  mean[+/-sd] median   max
Connect:        0   15  38.0      0     149
Processing:    70 6842 1589.5   7177   33667
Waiting:       69 6841 1589.5   7176   33666
Total:        218 6856 1556.4   7177   33667

Percentage of the requests served within a certain time (ms)
  50%   7177
  66%   7381
  75%   7475
  80%   7586
  90%   7750
  95%   8053
  98%   8090
  99%   8165
 100%  33667 (longest request)
