This is ApacheBench, Version 2.3 <$Revision: 1903618 $>
Copyright 1996 Adam Twiss, Zeus Technology Ltd, http://www.zeustech.net/
Licensed to The Apache Software Foundation, http://www.apache.org/

Benchmarking 127.0.0.1 (be patient)
Completed 5000 requests
Completed 10000 requests
Completed 15000 requests
Finished 18143 requests


Server Software:        gunicorn
Server Hostname:        127.0.0.1
Server Port:            8000

Document Path:          /api/property/search/?city=Warszawa&region=Mazowieckie&maxP=330
Document Length:        15859 bytes

Concurrency Level:      3100
Time taken for tests:   60.007 seconds
Complete requests:      18143
Failed requests:        0
Total transferred:      293608169 bytes
HTML transferred:       287729837 bytes
Requests per second:    302.35 [#/sec] (mean)
Time per request:       10253.086 [ms] (mean)
Time per request:       3.307 [ms] (mean, across all concurrent requests)
Transfer rate:          4778.22 [Kbytes/sec] received

Connection Times (ms)
              min  mean[+/-sd] median   max
Connect:        0   16  44.7      0     187
Processing:    74 6176 1376.1   6312   42275
Waiting:       74 6175 1376.2   6312   42274
Total:        262 6192 1344.6   6314   42374

Percentage of the requests served within a certain time (ms)
  50%   6314
  66%   6414
  75%   6519
  80%   6646
  90%   7217
  95%   7534
  98%   7669
  99%   7736
 100%  42374 (longest request)
