This is ApacheBench, Version 2.3 <$Revision: 1903618 $>
Copyright 1996 Adam Twiss, Zeus Technology Ltd, http://www.zeustech.net/
Licensed to The Apache Software Foundation, http://www.apache.org/

Benchmarking 127.0.0.1 (be patient)
Completed 5000 requests
Completed 10000 requests
Completed 15000 requests
Finished 19162 requests


Server Software:        gunicorn
Server Hostname:        127.0.0.1
Server Port:            8000

Document Path:          /api/property/search/?city=Warszawa&region=Mazowieckie&maxP=330
Document Length:        15859 bytes

Concurrency Level:      200
Time taken for tests:   60.000 seconds
Complete requests:      19162
Failed requests:        0
Total transferred:      310098646 bytes
HTML transferred:       303890158 bytes
Requests per second:    319.37 [#/sec] (mean)
Time per request:       626.239 [ms] (mean)
Time per request:       3.131 [ms] (mean, across all concurrent requests)
Transfer rate:          5047.18 [Kbytes/sec] received

Connection Times (ms)
              min  mean[+/-sd] median   max
Connect:        0    0   0.8      0      11
Processing:    12  622  88.7    586     872
Waiting:        9  621  88.7    585     872
Total:         23  622  88.4    586     872

Percentage of the requests served within a certain time (ms)
  50%    586
  66%    620
  75%    675
  80%    728
  90%    747
  95%    782
  98%    816
  99%    845
 100%    872 (longest request)
