This is ApacheBench, Version 2.3 <$Revision: 1903618 $>
Copyright 1996 Adam Twiss, Zeus Technology Ltd, http://www.zeustech.net/
Licensed to The Apache Software Foundation, http://www.apache.org/

Benchmarking 127.0.0.1 (be patient)
Completed 5000 requests
Completed 10000 requests
Completed 15000 requests
Finished 18339 requests


Server Software:        gunicorn
Server Hostname:        127.0.0.1
Server Port:            8000

Document Path:          /api/property/search/?city=Warszawa&region=Mazowieckie&maxP=330
Document Length:        15859 bytes

Concurrency Level:      2400
Time taken for tests:   60.004 seconds
Complete requests:      18339
Failed requests:        0
Total transferred:      296780037 bytes
HTML transferred:       290838201 bytes
Requests per second:    305.63 [#/sec] (mean)
Time per request:       7852.619 [ms] (mean)
Time per request:       3.272 [ms] (mean, across all concurrent requests)
Transfer rate:          4830.10 [Kbytes/sec] received

Connection Times (ms)
              min  mean[+/-sd] median   max
Connect:        0   11  32.4      0     138
Processing:    61 6049 1372.4   6215   43431
Waiting:       61 6049 1372.5   6214   43431
Total:        199 6061 1348.4   6215   43431

Percentage of the requests served within a certain time (ms)
  50%   6215
  66%   6351
  75%   6410
  80%   6459
  90%   7259
  95%   7585
  98%   7841
  99%   7880
 100%  43431 (longest request)
