This is ApacheBench, Version 2.3 <$Revision: 1903618 $>
Copyright 1996 Adam Twiss, Zeus Technology Ltd, http://www.zeustech.net/
Licensed to The Apache Software Foundation, http://www.apache.org/

Benchmarking 127.0.0.1 (be patient)
Completed 5000 requests
Completed 10000 requests
Completed 15000 requests
Finished 18669 requests


Server Software:        gunicorn
Server Hostname:        127.0.0.1
Server Port:            8000

Document Path:          /api/property/search/?city=Warszawa&region=Mazowieckie&maxP=330
Document Length:        15859 bytes

Concurrency Level:      500
Time taken for tests:   60.012 seconds
Complete requests:      18669
Failed requests:        0
Total transferred:      302120427 bytes
HTML transferred:       296071671 bytes
Requests per second:    311.09 [#/sec] (mean)
Time per request:       1607.256 [ms] (mean)
Time per request:       3.215 [ms] (mean, across all concurrent requests)
Transfer rate:          4916.36 [Kbytes/sec] received

Connection Times (ms)
              min  mean[+/-sd] median   max
Connect:        0    1   3.3      0      25
Processing:    14 1574 256.0   1505    2201
Waiting:        8 1573 256.0   1505    2200
Total:         38 1574 254.1   1505    2201

Percentage of the requests served within a certain time (ms)
  50%   1505
  66%   1597
  75%   1706
  80%   1818
  90%   1900
  95%   2022
  98%   2105
  99%   2123
 100%   2201 (longest request)
