This is ApacheBench, Version 2.3 <$Revision: 1903618 $>
Copyright 1996 Adam Twiss, Zeus Technology Ltd, http://www.zeustech.net/
Licensed to The Apache Software Foundation, http://www.apache.org/

Benchmarking 127.0.0.1 (be patient)
Completed 5000 requests
Completed 10000 requests
Completed 15000 requests
Finished 17094 requests


Server Software:        gunicorn
Server Hostname:        127.0.0.1
Server Port:            8000

Document Path:          /api/property/search/?city=Warszawa&region=Mazowieckie&maxP=330
Document Length:        15859 bytes

Concurrency Level:      3900
Time taken for tests:   60.005 seconds
Complete requests:      17094
Failed requests:        323
   (Connect: 0, Receive: 0, Length: 323, Exceptions: 0)
Total transferred:      271405093 bytes
HTML transferred:       265971289 bytes
Requests per second:    284.88 [#/sec] (mean)
Time per request:       13690.063 [ms] (mean)
Time per request:       3.510 [ms] (mean, across all concurrent requests)
Transfer rate:          4417.06 [Kbytes/sec] received

Connection Times (ms)
              min  mean[+/-sd] median   max
Connect:        0   36  90.0      0     325
Processing:  1036 6481 1657.7   6343   42263
Waiting:        0 6211 1509.1   6326   42263
Total:       1362 6517 1647.4   6346   42264

Percentage of the requests served within a certain time (ms)
  50%   6346
  66%   6512
  75%   6665
  80%   6980
  90%   7718
  95%   8099
  98%  14258
  99%  14306
 100%  42264 (longest request)
