This is ApacheBench, Version 2.3 <$Revision: 1903618 $>
Copyright 1996 Adam Twiss, Zeus Technology Ltd, http://www.zeustech.net/
Licensed to The Apache Software Foundation, http://www.apache.org/

Benchmarking 127.0.0.1 (be patient)
Completed 5000 requests
Completed 10000 requests
Completed 15000 requests
Finished 16382 requests


Server Software:        gunicorn
Server Hostname:        127.0.0.1
Server Port:            8000

Document Path:          /api/property/search/?city=Warszawa&region=Mazowieckie&maxP=330
Document Length:        15859 bytes

Concurrency Level:      2700
Time taken for tests:   60.006 seconds
Complete requests:      16382
Failed requests:        0
Total transferred:      265109906 bytes
HTML transferred:       259802138 bytes
Requests per second:    273.00 [#/sec] (mean)
Time per request:       9889.931 [ms] (mean)
Time per request:       3.663 [ms] (mean, across all concurrent requests)
Transfer rate:          4314.49 [Kbytes/sec] received

Connection Times (ms)
              min  mean[+/-sd] median   max
Connect:        0   17  43.9      0     172
Processing:    67 6613 1811.3   6675   50372
Waiting:       67 6612 1811.3   6675   50372
Total:        239 6629 1787.7   6676   50448

Percentage of the requests served within a certain time (ms)
  50%   6676
  66%   6761
  75%   6885
  80%   7133
  90%   7708
  95%   8381
  98%   9158
  99%   9277
 100%  50448 (longest request)
