This is ApacheBench, Version 2.3 <$Revision: 1903618 $>
Copyright 1996 Adam Twiss, Zeus Technology Ltd, http://www.zeustech.net/
Licensed to The Apache Software Foundation, http://www.apache.org/

Benchmarking 127.0.0.1 (be patient)
Completed 5000 requests
Completed 10000 requests
Completed 15000 requests
Finished 19444 requests


Server Software:        gunicorn
Server Hostname:        127.0.0.1
Server Port:            8000

Document Path:          /api/property/search/?city=Warszawa&region=Mazowieckie&maxP=330
Document Length:        15859 bytes

Concurrency Level:      1200
Time taken for tests:   60.001 seconds
Complete requests:      19444
Failed requests:        0
Total transferred:      314678435 bytes
HTML transferred:       308378255 bytes
Requests per second:    324.06 [#/sec] (mean)
Time per request:       3703.013 [ms] (mean)
Time per request:       3.086 [ms] (mean, across all concurrent requests)
Transfer rate:          5121.62 [Kbytes/sec] received

Connection Times (ms)
              min  mean[+/-sd] median   max
Connect:        0    3  12.0      0      63
Processing:    33 3561 666.5   3418    4434
Waiting:       10 3560 666.5   3418    4433
Total:         96 3564 657.3   3419    4434

Percentage of the requests served within a certain time (ms)
  50%   3419
  66%   3577
  75%   3974
  80%   4326
  90%   4361
  95%   4384
  98%   4400
  99%   4405
 100%   4434 (longest request)
