This is ApacheBench, Version 2.3 <$Revision: 1903618 $>
Copyright 1996 Adam Twiss, Zeus Technology Ltd, http://www.zeustech.net/
Licensed to The Apache Software Foundation, http://www.apache.org/

Benchmarking 127.0.0.1 (be patient)
Completed 5000 requests
Completed 10000 requests
Completed 15000 requests
Finished 18601 requests


Server Software:        gunicorn
Server Hostname:        127.0.0.1
Server Port:            8000

Document Path:          /api/property/search/?city=Warszawa&region=Mazowieckie&maxP=330
Document Length:        15859 bytes

Concurrency Level:      4000
Time taken for tests:   60.005 seconds
Complete requests:      18601
Failed requests:        0
Total transferred:      301052349 bytes
HTML transferred:       295024977 bytes
Requests per second:    309.99 [#/sec] (mean)
Time per request:       12903.507 [ms] (mean)
Time per request:       3.226 [ms] (mean, across all concurrent requests)
Transfer rate:          4899.57 [Kbytes/sec] received

Connection Times (ms)
              min  mean[+/-sd] median   max
Connect:        0   20  55.8      0     206
Processing:    99 5963 1291.3   6045   32891
Waiting:       99 5963 1291.3   6045   32890
Total:        305 5983 1255.3   6048   33029

Percentage of the requests served within a certain time (ms)
  50%   6048
  66%   6191
  75%   6331
  80%   6440
  90%   6902
  95%   7021
  98%   7110
  99%   7152
 100%  33029 (longest request)
