This is ApacheBench, Version 2.3 <$Revision: 1903618 $>
Copyright 1996 Adam Twiss, Zeus Technology Ltd, http://www.zeustech.net/
Licensed to The Apache Software Foundation, http://www.apache.org/

Benchmarking 127.0.0.1 (be patient)
Completed 5000 requests
Completed 10000 requests
Completed 15000 requests
Finished 18419 requests


Server Software:        gunicorn
Server Hostname:        127.0.0.1
Server Port:            8000

Document Path:          /api/property/search/?city=Warszawa&region=Mazowieckie&maxP=330
Document Length:        15859 bytes

Concurrency Level:      3200
Time taken for tests:   60.012 seconds
Complete requests:      18419
Failed requests:        0
Total transferred:      298090860 bytes
HTML transferred:       292122780 bytes
Requests per second:    306.92 [#/sec] (mean)
Time per request:       10426.085 [ms] (mean)
Time per request:       3.258 [ms] (mean, across all concurrent requests)
Transfer rate:          4850.78 [Kbytes/sec] received

Connection Times (ms)
              min  mean[+/-sd] median   max
Connect:        0   15  43.5      0     166
Processing:    75 5999 1340.3   6274   45615
Waiting:       74 5998 1340.3   6274   45615
Total:        241 6014 1308.2   6275   45715

Percentage of the requests served within a certain time (ms)
  50%   6275
  66%   6345
  75%   6410
  80%   6469
  90%   6584
  95%   6728
  98%   6844
  99%   6904
 100%  45715 (longest request)
