This is ApacheBench, Version 2.3 <$Revision: 1903618 $>
Copyright 1996 Adam Twiss, Zeus Technology Ltd, http://www.zeustech.net/
Licensed to The Apache Software Foundation, http://www.apache.org/

Benchmarking 127.0.0.1 (be patient)
Completed 5000 requests
Completed 10000 requests
Completed 15000 requests
Finished 19236 requests


Server Software:        gunicorn
Server Hostname:        127.0.0.1
Server Port:            8000

Document Path:          /api/property/search/?city=Warszawa&region=Mazowieckie&maxP=330
Document Length:        15859 bytes

Concurrency Level:      300
Time taken for tests:   60.010 seconds
Complete requests:      19236
Failed requests:        0
Total transferred:      311320887 bytes
HTML transferred:       305087451 bytes
Requests per second:    320.55 [#/sec] (mean)
Time per request:       935.898 [ms] (mean)
Time per request:       3.120 [ms] (mean, across all concurrent requests)
Transfer rate:          5066.25 [Kbytes/sec] received

Connection Times (ms)
              min  mean[+/-sd] median   max
Connect:        0    0   1.7      0      18
Processing:    12  926 127.4    879    1273
Waiting:        9  926 127.5    879    1272
Total:         30  927 126.6    879    1273

Percentage of the requests served within a certain time (ms)
  50%    879
  66%    940
  75%   1017
  80%   1071
  90%   1102
  95%   1129
  98%   1151
  99%   1233
 100%   1273 (longest request)
