This is ApacheBench, Version 2.3 <$Revision: 1903618 $>
Copyright 1996 Adam Twiss, Zeus Technology Ltd, http://www.zeustech.net/
Licensed to The Apache Software Foundation, http://www.apache.org/

Benchmarking 127.0.0.1 (be patient)
Completed 5000 requests
Completed 10000 requests
Completed 15000 requests
Finished 18359 requests


Server Software:        gunicorn
Server Hostname:        127.0.0.1
Server Port:            8000

Document Path:          /api/property/search/?city=Warszawa&region=Mazowieckie&maxP=330
Document Length:        15859 bytes

Concurrency Level:      600
Time taken for tests:   60.003 seconds
Complete requests:      18359
Failed requests:        0
Total transferred:      297119880 bytes
HTML transferred:       291171240 bytes
Requests per second:    305.97 [#/sec] (mean)
Time per request:       1960.977 [ms] (mean)
Time per request:       3.268 [ms] (mean, across all concurrent requests)
Transfer rate:          4835.72 [Kbytes/sec] received

Connection Times (ms)
              min  mean[+/-sd] median   max
Connect:        0    1   4.2      0      30
Processing:    18 1923 368.0   1852    2872
Waiting:        8 1923 368.0   1852    2872
Total:         47 1924 365.7   1853    2873

Percentage of the requests served within a certain time (ms)
  50%   1853
  66%   1933
  75%   2033
  80%   2066
  90%   2443
  95%   2738
  98%   2805
  99%   2827
 100%   2873 (longest request)
