This is ApacheBench, Version 2.3 <$Revision: 1903618 $>
Copyright 1996 Adam Twiss, Zeus Technology Ltd, http://www.zeustech.net/
Licensed to The Apache Software Foundation, http://www.apache.org/

Benchmarking 127.0.0.1 (be patient)
Completed 5000 requests
Completed 10000 requests
Completed 15000 requests
Finished 18946 requests


Server Software:        gunicorn
Server Hostname:        127.0.0.1
Server Port:            8000

Document Path:          /api/property/search/?city=Warszawa&region=Mazowieckie&maxP=330
Document Length:        15859 bytes

Concurrency Level:      1100
Time taken for tests:   60.002 seconds
Complete requests:      18946
Failed requests:        0
Total transferred:      306619301 bytes
HTML transferred:       300480473 bytes
Requests per second:    315.76 [#/sec] (mean)
Time per request:       3483.684 [ms] (mean)
Time per request:       3.167 [ms] (mean, across all concurrent requests)
Transfer rate:          4990.41 [Kbytes/sec] received

Connection Times (ms)
              min  mean[+/-sd] median   max
Connect:        0    3  11.3      0      62
Processing:    32 3361 608.3   3244    4160
Waiting:       10 3361 608.3   3243    4160
Total:         94 3364 599.7   3244    4160

Percentage of the requests served within a certain time (ms)
  50%   3244
  66%   3619
  75%   3839
  80%   3949
  90%   4005
  95%   4097
  98%   4118
  99%   4143
 100%   4160 (longest request)
