This is ApacheBench, Version 2.3 <$Revision: 1903618 $>
Copyright 1996 Adam Twiss, Zeus Technology Ltd, http://www.zeustech.net/
Licensed to The Apache Software Foundation, http://www.apache.org/

Benchmarking 127.0.0.1 (be patient)
Completed 5000 requests
Completed 10000 requests
Completed 15000 requests
Finished 17757 requests


Server Software:        gunicorn
Server Hostname:        127.0.0.1
Server Port:            8000

Document Path:          /api/property/search/?city=Warszawa&region=Mazowieckie&maxP=330
Document Length:        15859 bytes

Concurrency Level:      100
Time taken for tests:   60.011 seconds
Complete requests:      17757
Failed requests:        0
Total transferred:      287377714 bytes
HTML transferred:       281624122 bytes
Requests per second:    295.89 [#/sec] (mean)
Time per request:       337.959 [ms] (mean)
Time per request:       3.380 [ms] (mean, across all concurrent requests)
Transfer rate:          4676.49 [Kbytes/sec] received

Connection Times (ms)
              min  mean[+/-sd] median   max
Connect:        0    0   0.2      0       6
Processing:    10  336  63.2    320     623
Waiting:        9  336  63.1    319     623
Total:         15  336  63.2    320     624

Percentage of the requests served within a certain time (ms)
  50%    320
  66%    361
  75%    367
  80%    377
  90%    406
  95%    469
  98%    524
  99%    553
 100%    624 (longest request)
